<?xml version="1.0" encoding="UTF-8"?>
<testng-results ignored="0" total="10" passed="8" failed="1" skipped="1">
  <reporter-output>
  </reporter-output>
  <suite started-at="2022-01-23T18:48:29 EST" name="Suite" finished-at="2022-01-23T18:48:29 EST" duration-ms="330">
    <groups>
      <group name="smoke">
        <method signature="Testing3.createUser()[pri:1, instance:tests.Testing3@2f7298b]" name="createUser" class="tests.Testing3"/>
        <method signature="Testing1.test1()[pri:0, instance:tests.Testing1@1cbbffcd]" name="test1" class="tests.Testing1"/>
        <method signature="Testing2.test5()[pri:0, instance:tests.Testing2@3c407114]" name="test5" class="tests.Testing2"/>
      </group> <!-- smoke -->
      <group name="sanity">
        <method signature="Testing3.createUser()[pri:1, instance:tests.Testing3@2f7298b]" name="createUser" class="tests.Testing3"/>
        <method signature="Testing1.test2()[pri:0, instance:tests.Testing1@1cbbffcd]" name="test2" class="tests.Testing1"/>
      </group> <!-- sanity -->
    </groups>
    <test started-at="2022-01-23T18:48:29 EST" name="Test" finished-at="2022-01-23T18:48:29 EST" duration-ms="330">
      <class name="tests.Testing3">
        <test-method signature="createUser()[pri:1, instance:tests.Testing3@2f7298b]" started-at="2022-01-23T18:48:29 EST" name="createUser" finished-at="2022-01-23T18:48:29 EST" duration-ms="26" status="PASS">
          <reporter-output>
          </reporter-output>
        </test-method> <!-- createUser -->
        <test-method signature="editUser()[pri:2, instance:tests.Testing3@2f7298b]" started-at="2022-01-23T18:48:29 EST" name="editUser" finished-at="2022-01-23T18:48:29 EST" depends-on-methods="tests.Testing3.createUser" duration-ms="10" status="FAIL">
          <exception class="java.lang.AssertionError">
            <message>
              <![CDATA[The following asserts failed:
Verifying Element expected [true] but found [false]]]>
            </message>
            <full-stacktrace>
              <![CDATA[java.lang.AssertionError: The following asserts failed:
Verifying Element expected [true] but found [false]
at org.testng.asserts.SoftAssert.assertAll(SoftAssert.java:46)
at org.testng.asserts.SoftAssert.assertAll(SoftAssert.java:30)
at tests.Testing3.editUser(Testing3.java:23)
at java.base/jdk.internal.reflect.NativeMethodAccessorImpl.invoke0(Native Method)
at java.base/jdk.internal.reflect.NativeMethodAccessorImpl.invoke(NativeMethodAccessorImpl.java:62)
at java.base/jdk.internal.reflect.DelegatingMethodAccessorImpl.invoke(DelegatingMethodAccessorImpl.java:43)
at java.base/java.lang.reflect.Method.invoke(Method.java:564)
at org.testng.internal.invokers.MethodInvocationHelper.invokeMethod(MethodInvocationHelper.java:135)
at org.testng.internal.invokers.TestInvoker.invokeMethod(TestInvoker.java:673)
at org.testng.internal.invokers.TestInvoker.invokeTestMethod(TestInvoker.java:220)
at org.testng.internal.invokers.MethodRunner.runInSequence(MethodRunner.java:50)
at org.testng.internal.invokers.TestInvoker$MethodInvocationAgent.invoke(TestInvoker.java:945)
at org.testng.internal.invokers.TestInvoker.invokeTestMethods(TestInvoker.java:193)
at org.testng.internal.invokers.TestMethodWorker.invokeTestMethods(TestMethodWorker.java:146)
at org.testng.internal.invokers.TestMethodWorker.run(TestMethodWorker.java:128)
at java.base/java.util.ArrayList.forEach(ArrayList.java:1511)
at org.testng.TestRunner.privateRun(TestRunner.java:808)
at org.testng.TestRunner.run(TestRunner.java:603)
at org.testng.SuiteRunner.runTest(SuiteRunner.java:429)
at org.testng.SuiteRunner.runSequentially(SuiteRunner.java:423)
at org.testng.SuiteRunner.privateRun(SuiteRunner.java:383)
at org.testng.SuiteRunner.run(SuiteRunner.java:326)
at org.testng.SuiteRunnerWorker.runSuite(SuiteRunnerWorker.java:52)
at org.testng.SuiteRunnerWorker.run(SuiteRunnerWorker.java:95)
at org.testng.TestNG.runSuitesSequentially(TestNG.java:1249)
at org.testng.TestNG.runSuitesLocally(TestNG.java:1169)
at org.testng.TestNG.runSuites(TestNG.java:1092)
at org.testng.TestNG.run(TestNG.java:1060)
at org.testng.remote.AbstractRemoteTestNG.run(AbstractRemoteTestNG.java:115)
at org.testng.remote.RemoteTestNG.initAndRun(RemoteTestNG.java:251)
at org.testng.remote.RemoteTestNG.main(RemoteTestNG.java:77)
]]>
            </full-stacktrace>
          </exception> <!-- java.lang.AssertionError -->
          <reporter-output>
          </reporter-output>
        </test-method> <!-- editUser -->
        <test-method signature="deleteUser()[pri:2, instance:tests.Testing3@2f7298b]" started-at="2022-01-23T18:48:29 EST" name="deleteUser" finished-at="2022-01-23T18:48:29 EST" depends-on-methods="tests.Testing3.editUser" duration-ms="1" status="SKIP">
          <exception class="java.lang.Throwable">
            <message>
              <![CDATA[Method tests.Testing3.deleteUser() on instance tests.Testing3@2f7298b depends on not successfully finished methods 
[tests.Testing3.editUser() on instance tests.Testing3@2f7298b]]]>
            </message>
            <full-stacktrace>
              <![CDATA[java.lang.Throwable: Method tests.Testing3.deleteUser() on instance tests.Testing3@2f7298b depends on not successfully finished methods 
[tests.Testing3.editUser() on instance tests.Testing3@2f7298b]
at org.testng.internal.invokers.TestInvoker.invokeTestMethods(TestInvoker.java:149)
at org.testng.internal.invokers.TestMethodWorker.invokeTestMethods(TestMethodWorker.java:146)
at org.testng.internal.invokers.TestMethodWorker.run(TestMethodWorker.java:128)
at java.base/java.util.ArrayList.forEach(ArrayList.java:1511)
at org.testng.TestRunner.privateRun(TestRunner.java:808)
at org.testng.TestRunner.run(TestRunner.java:603)
at org.testng.SuiteRunner.runTest(SuiteRunner.java:429)
at org.testng.SuiteRunner.runSequentially(SuiteRunner.java:423)
at org.testng.SuiteRunner.privateRun(SuiteRunner.java:383)
at org.testng.SuiteRunner.run(SuiteRunner.java:326)
at org.testng.SuiteRunnerWorker.runSuite(SuiteRunnerWorker.java:52)
at org.testng.SuiteRunnerWorker.run(SuiteRunnerWorker.java:95)
at org.testng.TestNG.runSuitesSequentially(TestNG.java:1249)
at org.testng.TestNG.runSuitesLocally(TestNG.java:1169)
at org.testng.TestNG.runSuites(TestNG.java:1092)
at org.testng.TestNG.run(TestNG.java:1060)
at org.testng.remote.AbstractRemoteTestNG.run(AbstractRemoteTestNG.java:115)
at org.testng.remote.RemoteTestNG.initAndRun(RemoteTestNG.java:251)
at org.testng.remote.RemoteTestNG.main(RemoteTestNG.java:77)
]]>
            </full-stacktrace>
          </exception> <!-- java.lang.Throwable -->
          <reporter-output>
          </reporter-output>
        </test-method> <!-- deleteUser -->
      </class> <!-- tests.Testing3 -->
      <class name="tests.Testing1">
        <test-method is-config="true" signature="beforeSuite()[pri:0, instance:tests.Testing1@1cbbffcd]" started-at="2022-01-23T18:48:29 EST" name="beforeSuite" finished-at="2022-01-23T18:48:29 EST" duration-ms="242" status="PASS">
          <reporter-output>
          </reporter-output>
        </test-method> <!-- beforeSuite -->
        <test-method is-config="true" signature="beforeTest()[pri:0, instance:tests.Testing1@1cbbffcd]" started-at="2022-01-23T18:48:29 EST" name="beforeTest" finished-at="2022-01-23T18:48:29 EST" duration-ms="1" status="PASS">
          <reporter-output>
          </reporter-output>
        </test-method> <!-- beforeTest -->
        <test-method is-config="true" signature="beforeClass()[pri:0, instance:tests.Testing1@1cbbffcd]" started-at="2022-01-23T18:48:29 EST" name="beforeClass" finished-at="2022-01-23T18:48:29 EST" duration-ms="1" status="PASS">
          <reporter-output>
          </reporter-output>
        </test-method> <!-- beforeClass -->
        <test-method is-config="true" signature="beforeMethod()[pri:0, instance:tests.Testing1@1cbbffcd]" started-at="2022-01-23T18:48:29 EST" name="beforeMethod" finished-at="2022-01-23T18:48:29 EST" duration-ms="1" status="PASS">
          <reporter-output>
          </reporter-output>
        </test-method> <!-- beforeMethod -->
        <test-method signature="f(java.lang.Integer,java.lang.String)[pri:0, instance:tests.Testing1@1cbbffcd]" started-at="2022-01-23T18:48:29 EST" name="f" data-provider="dp" finished-at="2022-01-23T18:48:29 EST" duration-ms="27" status="PASS">
          <params>
            <param index="0">
              <value>
                <![CDATA[1]]>
              </value>
            </param>
            <param index="1">
              <value>
                <![CDATA[a]]>
              </value>
            </param>
          </params>
          <reporter-output>
          </reporter-output>
        </test-method> <!-- f -->
        <test-method is-config="true" signature="afterMethod()[pri:0, instance:tests.Testing1@1cbbffcd]" started-at="2022-01-23T18:48:29 EST" name="afterMethod" finished-at="2022-01-23T18:48:29 EST" duration-ms="1" status="PASS">
          <reporter-output>
          </reporter-output>
        </test-method> <!-- afterMethod -->
        <test-method is-config="true" signature="beforeMethod()[pri:0, instance:tests.Testing1@1cbbffcd]" started-at="2022-01-23T18:48:29 EST" name="beforeMethod" finished-at="2022-01-23T18:48:29 EST" duration-ms="1" status="PASS">
          <reporter-output>
          </reporter-output>
        </test-method> <!-- beforeMethod -->
        <test-method signature="f(java.lang.Integer,java.lang.String)[pri:0, instance:tests.Testing1@1cbbffcd]" started-at="2022-01-23T18:48:29 EST" name="f" data-provider="dp" finished-at="2022-01-23T18:48:29 EST" duration-ms="3" status="PASS">
          <params>
            <param index="0">
              <value>
                <![CDATA[2]]>
              </value>
            </param>
            <param index="1">
              <value>
                <![CDATA[b]]>
              </value>
            </param>
          </params>
          <reporter-output>
          </reporter-output>
        </test-method> <!-- f -->
        <test-method is-config="true" signature="afterMethod()[pri:0, instance:tests.Testing1@1cbbffcd]" started-at="2022-01-23T18:48:29 EST" name="afterMethod" finished-at="2022-01-23T18:48:29 EST" duration-ms="1" status="PASS">
          <reporter-output>
          </reporter-output>
        </test-method> <!-- afterMethod -->
        <test-method is-config="true" signature="beforeMethod()[pri:0, instance:tests.Testing1@1cbbffcd]" started-at="2022-01-23T18:48:29 EST" name="beforeMethod" finished-at="2022-01-23T18:48:29 EST" duration-ms="0" status="PASS">
          <reporter-output>
          </reporter-output>
        </test-method> <!-- beforeMethod -->
        <test-method signature="test1()[pri:0, instance:tests.Testing1@1cbbffcd]" started-at="2022-01-23T18:48:29 EST" name="test1" finished-at="2022-01-23T18:48:29 EST" duration-ms="3" status="PASS">
          <reporter-output>
          </reporter-output>
        </test-method> <!-- test1 -->
        <test-method is-config="true" signature="afterMethod()[pri:0, instance:tests.Testing1@1cbbffcd]" started-at="2022-01-23T18:48:29 EST" name="afterMethod" finished-at="2022-01-23T18:48:29 EST" duration-ms="0" status="PASS">
          <reporter-output>
          </reporter-output>
        </test-method> <!-- afterMethod -->
        <test-method is-config="true" signature="beforeMethod()[pri:0, instance:tests.Testing1@1cbbffcd]" started-at="2022-01-23T18:48:29 EST" name="beforeMethod" finished-at="2022-01-23T18:48:29 EST" duration-ms="0" status="PASS">
          <reporter-output>
          </reporter-output>
        </test-method> <!-- beforeMethod -->
        <test-method signature="test2()[pri:0, instance:tests.Testing1@1cbbffcd]" started-at="2022-01-23T18:48:29 EST" name="test2" finished-at="2022-01-23T18:48:29 EST" duration-ms="1" status="PASS">
          <reporter-output>
          </reporter-output>
        </test-method> <!-- test2 -->
        <test-method is-config="true" signature="afterMethod()[pri:0, instance:tests.Testing1@1cbbffcd]" started-at="2022-01-23T18:48:29 EST" name="afterMethod" finished-at="2022-01-23T18:48:29 EST" duration-ms="0" status="PASS">
          <reporter-output>
          </reporter-output>
        </test-method> <!-- afterMethod -->
        <test-method is-config="true" signature="beforeMethod()[pri:0, instance:tests.Testing1@1cbbffcd]" started-at="2022-01-23T18:48:29 EST" name="beforeMethod" finished-at="2022-01-23T18:48:29 EST" duration-ms="2" status="PASS">
          <reporter-output>
          </reporter-output>
        </test-method> <!-- beforeMethod -->
        <test-method signature="test3()[pri:0, instance:tests.Testing1@1cbbffcd]" started-at="2022-01-23T18:48:29 EST" name="test3" finished-at="2022-01-23T18:48:29 EST" duration-ms="50" status="PASS">
          <reporter-output>
          </reporter-output>
        </test-method> <!-- test3 -->
        <test-method is-config="true" signature="afterMethod()[pri:0, instance:tests.Testing1@1cbbffcd]" started-at="2022-01-23T18:48:29 EST" name="afterMethod" finished-at="2022-01-23T18:48:29 EST" duration-ms="1" status="PASS">
          <reporter-output>
          </reporter-output>
        </test-method> <!-- afterMethod -->
        <test-method is-config="true" signature="afterClass()[pri:0, instance:tests.Testing1@1cbbffcd]" started-at="2022-01-23T18:48:29 EST" name="afterClass" finished-at="2022-01-23T18:48:29 EST" duration-ms="1" status="PASS">
          <reporter-output>
          </reporter-output>
        </test-method> <!-- afterClass -->
        <test-method is-config="true" signature="afterTest()[pri:0, instance:tests.Testing1@1cbbffcd]" started-at="2022-01-23T18:48:29 EST" name="afterTest" finished-at="2022-01-23T18:48:29 EST" duration-ms="4" status="PASS">
          <reporter-output>
          </reporter-output>
        </test-method> <!-- afterTest -->
        <test-method is-config="true" signature="afterSuite()[pri:0, instance:tests.Testing1@1cbbffcd]" started-at="2022-01-23T18:48:30 EST" name="afterSuite" finished-at="2022-01-23T18:48:30 EST" duration-ms="1" status="PASS">
          <reporter-output>
          </reporter-output>
        </test-method> <!-- afterSuite -->
      </class> <!-- tests.Testing1 -->
      <class name="tests.Testing2">
        <test-method signature="test4()[pri:0, instance:tests.Testing2@3c407114]" started-at="2022-01-23T18:48:29 EST" name="test4" finished-at="2022-01-23T18:48:29 EST" duration-ms="4" status="PASS">
          <reporter-output>
          </reporter-output>
        </test-method> <!-- test4 -->
        <test-method signature="test5()[pri:0, instance:tests.Testing2@3c407114]" started-at="2022-01-23T18:48:29 EST" name="test5" finished-at="2022-01-23T18:48:29 EST" duration-ms="2" status="PASS">
          <reporter-output>
          </reporter-output>
        </test-method> <!-- test5 -->
      </class> <!-- tests.Testing2 -->
    </test> <!-- Test -->
  </suite> <!-- Suite -->
</testng-results>
